<?xml version="1.0" encoding="UTF-8"?>
<testng-results ignored="0" total="1" passed="1" failed="0" skipped="0">
  <reporter-output>
  </reporter-output>
  <suite started-at="2023-12-12T11:10:01 IST" name="Default suite" finished-at="2023-12-12T11:10:17 IST" duration-ms="15994">
    <groups>
    </groups>
    <test started-at="2023-12-12T11:10:01 IST" name="Default test" finished-at="2023-12-12T11:10:17 IST" duration-ms="15994">
      <class name="com.mymaven.Class1">
        <test-method signature="browserlaunch()[pri:0, instance:com.mymaven.Class1@291ae]" started-at="2023-12-12T11:10:01 IST" name="browserlaunch" finished-at="2023-12-12T11:10:17 IST" duration-ms="15928" status="PASS">
          <reporter-output>
          </reporter-output>
        </test-method> <!-- browserlaunch -->
      </class> <!-- com.mymaven.Class1 -->
    </test> <!-- Default test -->
  </suite> <!-- Default suite -->
</testng-results>
